<?xml version="1.0" encoding="UTF-8"?>
<testng-results ignored="0" total="3" passed="3" failed="0" skipped="0">
  <reporter-output>
  </reporter-output>
  <suite started-at="2022-04-21T07:18:57 IST" name="Suite" finished-at="2022-04-21T07:21:00 IST" duration-ms="122231">
    <groups>
    </groups>
    <test started-at="2022-04-21T07:18:57 IST" name="Test" finished-at="2022-04-21T07:21:00 IST" duration-ms="122231">
      <class name="scripts.Testacse3">
        <test-method is-config="true" signature="openApp()[pri:0, instance:scripts.Testacse3@1fb700ee]" started-at="2022-04-21T07:20:28 IST" name="openApp" finished-at="2022-04-21T07:20:33 IST" duration-ms="5354" status="PASS">
          <reporter-output>
          </reporter-output>
        </test-method> <!-- openApp -->
        <test-method signature="tc3()[pri:0, instance:scripts.Testacse3@1fb700ee]" started-at="2022-04-21T07:20:33 IST" name="tc3" finished-at="2022-04-21T07:20:58 IST" duration-ms="24557" status="PASS">
          <reporter-output>
          </reporter-output>
        </test-method> <!-- tc3 -->
        <test-method is-config="true" signature="closeAPP(org.testng.ITestResult)[pri:0, instance:scripts.Testacse3@1fb700ee]" started-at="2022-04-21T07:20:58 IST" name="closeAPP" finished-at="2022-04-21T07:21:00 IST" duration-ms="1794" status="PASS">
          <params>
            <param index="0">
              <value>
                <![CDATA[[TestResult name=tc3 status=SUCCESS method=Testacse3.tc3()[pri:0, instance:scripts.Testacse3@1fb700ee] output={null}]]]>
              </value>
            </param>
          </params>
          <reporter-output>
          </reporter-output>
        </test-method> <!-- closeAPP -->
      </class> <!-- scripts.Testacse3 -->
      <class name="scripts.Testcase2">
        <test-method is-config="true" signature="openApp()[pri:0, instance:scripts.Testcase2@53aad5d5]" started-at="2022-04-21T07:18:57 IST" name="openApp" finished-at="2022-04-21T07:19:06 IST" duration-ms="8800" status="PASS">
          <reporter-output>
          </reporter-output>
        </test-method> <!-- openApp -->
        <test-method signature="tc2()[pri:0, instance:scripts.Testcase2@53aad5d5]" started-at="2022-04-21T07:19:06 IST" name="tc2" finished-at="2022-04-21T07:20:14 IST" duration-ms="67380" status="PASS">
          <reporter-output>
          </reporter-output>
        </test-method> <!-- tc2 -->
        <test-method is-config="true" signature="closeAPP(org.testng.ITestResult)[pri:0, instance:scripts.Testcase2@53aad5d5]" started-at="2022-04-21T07:20:14 IST" name="closeAPP" finished-at="2022-04-21T07:20:15 IST" duration-ms="1719" status="PASS">
          <params>
            <param index="0">
              <value>
                <![CDATA[[TestResult name=tc2 status=SUCCESS method=Testcase2.tc2()[pri:0, instance:scripts.Testcase2@53aad5d5] output={null}]]]>
              </value>
            </param>
          </params>
          <reporter-output>
          </reporter-output>
        </test-method> <!-- closeAPP -->
      </class> <!-- scripts.Testcase2 -->
      <class name="scripts.Testcase1">
        <test-method is-config="true" signature="openApp()[pri:0, instance:scripts.Testcase1@46fa7c39]" started-at="2022-04-21T07:20:15 IST" name="openApp" finished-at="2022-04-21T07:20:21 IST" duration-ms="5215" status="PASS">
          <reporter-output>
          </reporter-output>
        </test-method> <!-- openApp -->
        <test-method signature="tc1()[pri:0, instance:scripts.Testcase1@46fa7c39]" started-at="2022-04-21T07:20:21 IST" name="tc1" finished-at="2022-04-21T07:20:26 IST" duration-ms="5876" status="PASS">
          <reporter-output>
          </reporter-output>
        </test-method> <!-- tc1 -->
        <test-method is-config="true" signature="closeAPP(org.testng.ITestResult)[pri:0, instance:scripts.Testcase1@46fa7c39]" started-at="2022-04-21T07:20:26 IST" name="closeAPP" finished-at="2022-04-21T07:20:28 IST" duration-ms="1406" status="PASS">
          <params>
            <param index="0">
              <value>
                <![CDATA[[TestResult name=tc1 status=SUCCESS method=Testcase1.tc1()[pri:0, instance:scripts.Testcase1@46fa7c39] output={null}]]]>
              </value>
            </param>
          </params>
          <reporter-output>
          </reporter-output>
        </test-method> <!-- closeAPP -->
      </class> <!-- scripts.Testcase1 -->
    </test> <!-- Test -->
  </suite> <!-- Suite -->
</testng-results>
